<?xml version="1.0" encoding="UTF-8"?>
<testng-results ignored="0" total="1" passed="1" failed="0" skipped="0">
  <reporter-output>
  </reporter-output>
  <suite started-at="2025-09-01T22:52:29 IST" name="DemoQA Suite" finished-at="2025-09-01T22:52:41 IST" duration-ms="12191">
    <groups>
    </groups>
    <test started-at="2025-09-01T22:52:29 IST" name="DemoQA Tests" finished-at="2025-09-01T22:52:41 IST" duration-ms="12191">
      <class name="tests.DemoQATest">
        <test-method is-config="true" signature="setup()[pri:0, instance:tests.DemoQATest@3427b02d]" started-at="2025-09-01T22:52:29 IST" name="setup" finished-at="2025-09-01T22:52:30 IST" duration-ms="1376" status="PASS">
          <reporter-output>
          </reporter-output>
        </test-method> <!-- setup -->
        <test-method signature="fillTextBoxForm()[pri:0, instance:tests.DemoQATest@3427b02d]" started-at="2025-09-01T22:52:30 IST" name="fillTextBoxForm" finished-at="2025-09-01T22:52:41 IST" duration-ms="10638" status="PASS">
          <reporter-output>
          </reporter-output>
        </test-method> <!-- fillTextBoxForm -->
        <test-method is-config="true" signature="teardown()[pri:0, instance:tests.DemoQATest@3427b02d]" started-at="2025-09-01T22:52:41 IST" name="teardown" finished-at="2025-09-01T22:52:41 IST" duration-ms="134" status="PASS">
          <reporter-output>
          </reporter-output>
        </test-method> <!-- teardown -->
      </class> <!-- tests.DemoQATest -->
    </test> <!-- DemoQA Tests -->
  </suite> <!-- DemoQA Suite -->
</testng-results>
